2018-05-08 01:58:17,583 INFO =*=*=*=*=*=*=*=*=*=*=*=*=*=*=*=*=*=*=*=*=*
2018-05-08 01:58:17,583 INFO =*=*=*=*=*=.      NEW LOG      =*=*=*=*=*
2018-05-08 01:58:17,583 INFO =*=*=*=*=*=*=*=*=*=*=*=*=*=*=*=*=*=*=*=*=*
2018-05-08 02:00:30,982 INFO =*=*=*=*=*=*=*=*=*=*=*=*=*=*=*=*=*=*=*=*=*
2018-05-08 02:00:30,982 INFO =*=*=*=*=*=.      NEW LOG      =*=*=*=*=*
2018-05-08 02:00:30,982 INFO =*=*=*=*=*=*=*=*=*=*=*=*=*=*=*=*=*=*=*=*=*
2018-05-08 02:00:45,358 INFO BEST PLAYER VERSION: 0
2018-05-08 02:00:45,359 INFO ====================
2018-05-08 02:00:45,360 INFO EPISODE 1 OF 30
2018-05-08 02:00:45,360 INFO ====================
2018-05-08 02:00:45,361 INFO best_player plays as X
2018-05-08 02:00:45,361 INFO --------------
2018-05-08 02:00:45,361 INFO ['-', '-', '-', '-', '-', '-', '-']
2018-05-08 02:00:45,361 INFO ['-', '-', '-', '-', '-', '-', '-']
2018-05-08 02:00:45,361 INFO ['-', '-', '-', '-', '-', '-', '-']
2018-05-08 02:00:45,361 INFO ['-', '-', '-', '-', '-', '-', '-']
2018-05-08 02:00:45,361 INFO ['-', '-', '-', '-', '-', '-', '-']
2018-05-08 02:00:45,361 INFO ['-', '-', '-', '-', '-', '-', '-']
2018-05-08 02:00:45,361 INFO --------------
2018-05-08 02:00:46,775 INFO action: 38
2018-05-08 02:00:46,775 INFO ['----', '----', '----', '----', '----', '----', '----']
2018-05-08 02:00:46,775 INFO ['----', '----', '----', '----', '----', '----', '----']
2018-05-08 02:00:46,775 INFO ['----', '----', '----', '----', '----', '----', '----']
2018-05-08 02:00:46,775 INFO ['----', '----', '----', '----', '----', '----', '----']
2018-05-08 02:00:46,775 INFO ['----', '----', '----', '----', '----', '----', '----']
2018-05-08 02:00:46,776 INFO ['0.14', '0.18', '0.16', '0.12', '0.12', '0.14', '0.12']
2018-05-08 02:00:46,776 INFO MCTS perceived value for X: -0.000000
2018-05-08 02:00:46,776 INFO NN perceived value for X: -0.040000
2018-05-08 02:00:46,776 INFO ====================
2018-05-08 02:00:46,776 INFO ['-', '-', '-', '-', '-', '-', '-']
2018-05-08 02:00:46,776 INFO ['-', '-', '-', '-', '-', '-', '-']
2018-05-08 02:00:46,776 INFO ['-', '-', '-', '-', '-', '-', '-']
2018-05-08 02:00:46,777 INFO ['-', '-', '-', '-', '-', '-', '-']
2018-05-08 02:00:46,777 INFO ['-', '-', '-', '-', '-', '-', '-']
2018-05-08 02:00:46,777 INFO ['-', '-', '-', 'X', '-', '-', '-']
2018-05-08 02:00:46,777 INFO --------------
2018-05-08 02:00:47,870 INFO action: 36
2018-05-08 02:00:47,870 INFO ['----', '----', '----', '----', '----', '----', '----']
2018-05-08 02:00:47,870 INFO ['----', '----', '----', '----', '----', '----', '----']
2018-05-08 02:00:47,870 INFO ['----', '----', '----', '----', '----', '----', '----']
2018-05-08 02:00:47,870 INFO ['----', '----', '----', '----', '----', '----', '----']
2018-05-08 02:00:47,871 INFO ['----', '----', '----', '0.15', '----', '----', '----']
2018-05-08 02:00:47,871 INFO ['0.13', '0.15', '0.18', '----', '0.13', '0.13', '0.15']
2018-05-08 02:00:47,871 INFO MCTS perceived value for O: 0.040000
2018-05-08 02:00:47,871 INFO NN perceived value for O: -0.000000
2018-05-08 02:00:47,871 INFO ====================
2018-05-08 02:00:47,871 INFO ['-', '-', '-', '-', '-', '-', '-']
2018-05-08 02:00:47,871 INFO ['-', '-', '-', '-', '-', '-', '-']
2018-05-08 02:00:47,871 INFO ['-', '-', '-', '-', '-', '-', '-']
2018-05-08 02:00:47,872 INFO ['-', '-', '-', '-', '-', '-', '-']
2018-05-08 02:00:47,872 INFO ['-', '-', '-', '-', '-', '-', '-']
2018-05-08 02:00:47,872 INFO ['-', 'O', '-', 'X', '-', '-', '-']
2018-05-08 02:00:47,872 INFO --------------
2018-05-08 02:00:49,037 INFO action: 31
2018-05-08 02:00:49,037 INFO ['----', '----', '----', '----', '----', '----', '----']
2018-05-08 02:00:49,037 INFO ['----', '----', '----', '----', '----', '----', '----']
2018-05-08 02:00:49,037 INFO ['----', '----', '----', '----', '----', '----', '----']
2018-05-08 02:00:49,037 INFO ['----', '----', '----', '----', '----', '----', '----']
2018-05-08 02:00:49,038 INFO ['----', '0.14', '----', '0.18', '----', '----', '----']
2018-05-08 02:00:49,038 INFO ['0.12', '----', '0.12', '----', '0.16', '0.12', '0.16']
2018-05-08 02:00:49,038 INFO MCTS perceived value for X: 0.000000
2018-05-08 02:00:49,038 INFO NN perceived value for X: -0.030000
2018-05-08 02:00:49,038 INFO ====================
2018-05-08 02:00:49,038 INFO ['-', '-', '-', '-', '-', '-', '-']
2018-05-08 02:00:49,038 INFO ['-', '-', '-', '-', '-', '-', '-']
2018-05-08 02:00:49,039 INFO ['-', '-', '-', '-', '-', '-', '-']
2018-05-08 02:00:49,039 INFO ['-', '-', '-', '-', '-', '-', '-']
2018-05-08 02:00:49,039 INFO ['-', '-', '-', 'X', '-', '-', '-']
2018-05-08 02:00:49,039 INFO ['-', 'O', '-', 'X', '-', '-', '-']
2018-05-08 02:00:49,039 INFO --------------
2018-05-08 02:00:50,008 INFO action: 39
2018-05-08 02:00:50,008 INFO ['----', '----', '----', '----', '----', '----', '----']
2018-05-08 02:00:50,008 INFO ['----', '----', '----', '----', '----', '----', '----']
2018-05-08 02:00:50,008 INFO ['----', '----', '----', '----', '----', '----', '----']
2018-05-08 02:00:50,008 INFO ['----', '----', '----', '0.12', '----', '----', '----']
2018-05-08 02:00:50,008 INFO ['----', '0.15', '----', '----', '----', '----', '----']
2018-05-08 02:00:50,008 INFO ['0.14', '----', '0.17', '----', '0.14', '0.14', '0.15']
2018-05-08 02:00:50,008 INFO MCTS perceived value for O: 0.030000
2018-05-08 02:00:50,008 INFO NN perceived value for O: 0.020000
2018-05-08 02:00:50,008 INFO ====================
2018-05-08 02:00:50,009 INFO ['-', '-', '-', '-', '-', '-', '-']
2018-05-08 02:00:50,009 INFO ['-', '-', '-', '-', '-', '-', '-']
2018-05-08 02:00:50,009 INFO ['-', '-', '-', '-', '-', '-', '-']
2018-05-08 02:00:50,009 INFO ['-', '-', '-', '-', '-', '-', '-']
2018-05-08 02:00:50,009 INFO ['-', '-', '-', 'X', '-', '-', '-']
2018-05-08 02:00:50,009 INFO ['-', 'O', '-', 'X', 'O', '-', '-']
2018-05-08 02:00:50,009 INFO --------------
2018-05-08 02:00:50,889 INFO action: 24
2018-05-08 02:00:50,889 INFO ['----', '----', '----', '----', '----', '----', '----']
2018-05-08 02:00:50,889 INFO ['----', '----', '----', '----', '----', '----', '----']
2018-05-08 02:00:50,889 INFO ['----', '----', '----', '----', '----', '----', '----']
2018-05-08 02:00:50,889 INFO ['----', '----', '----', '0.14', '----', '----', '----']
2018-05-08 02:00:50,889 INFO ['----', '0.14', '----', '----', '0.12', '----', '----']
2018-05-08 02:00:50,889 INFO ['0.12', '----', '0.18', '----', '----', '0.16', '0.14']
2018-05-08 02:00:50,889 INFO MCTS perceived value for X: -0.010000
2018-05-08 02:00:50,889 INFO NN perceived value for X: -0.010000
2018-05-08 02:00:50,889 INFO ====================
2018-05-08 02:00:50,890 INFO ['-', '-', '-', '-', '-', '-', '-']
2018-05-08 02:00:50,890 INFO ['-', '-', '-', '-', '-', '-', '-']
2018-05-08 02:00:50,890 INFO ['-', '-', '-', '-', '-', '-', '-']
2018-05-08 02:00:50,890 INFO ['-', '-', '-', 'X', '-', '-', '-']
2018-05-08 02:00:50,890 INFO ['-', '-', '-', 'X', '-', '-', '-']
2018-05-08 02:00:50,890 INFO ['-', 'O', '-', 'X', 'O', '-', '-']
2018-05-08 02:00:50,890 INFO --------------
2018-05-08 02:00:51,774 INFO action: 40
2018-05-08 02:00:51,774 INFO ['----', '----', '----', '----', '----', '----', '----']
2018-05-08 02:00:51,774 INFO ['----', '----', '----', '----', '----', '----', '----']
2018-05-08 02:00:51,774 INFO ['----', '----', '----', '0.77', '----', '----', '----']
2018-05-08 02:00:51,774 INFO ['----', '----', '----', '----', '----', '----', '----']
2018-05-08 02:00:51,774 INFO ['----', '0.04', '----', '----', '0.04', '----', '----']
2018-05-08 02:00:51,774 INFO ['0.04', '----', '0.04', '----', '----', '0.05', '0.04']
2018-05-08 02:00:51,774 INFO MCTS perceived value for O: -0.660000
2018-05-08 02:00:51,774 INFO NN perceived value for O: 0.020000
2018-05-08 02:00:51,775 INFO ====================
2018-05-08 02:00:51,775 INFO ['-', '-', '-', '-', '-', '-', '-']
2018-05-08 02:00:51,775 INFO ['-', '-', '-', '-', '-', '-', '-']
2018-05-08 02:00:51,775 INFO ['-', '-', '-', '-', '-', '-', '-']
2018-05-08 02:00:51,775 INFO ['-', '-', '-', 'X', '-', '-', '-']
2018-05-08 02:00:51,775 INFO ['-', '-', '-', 'X', '-', '-', '-']
2018-05-08 02:00:51,775 INFO ['-', 'O', '-', 'X', 'O', 'O', '-']
2018-05-08 02:00:51,775 INFO --------------
2018-05-08 02:00:52,037 INFO action: 17
2018-05-08 02:00:52,037 INFO ['----', '----', '----', '----', '----', '----', '----']
2018-05-08 02:00:52,037 INFO ['----', '----', '----', '----', '----', '----', '----']
2018-05-08 02:00:52,037 INFO ['----', '----', '----', '0.88', '----', '----', '----']
2018-05-08 02:00:52,037 INFO ['----', '----', '----', '----', '----', '----', '----']
2018-05-08 02:00:52,037 INFO ['----', '0.02', '----', '----', '0.02', '0.02', '----']
2018-05-08 02:00:52,037 INFO ['0.02', '----', '0.02', '----', '----', '----', '0.02']
2018-05-08 02:00:52,037 INFO MCTS perceived value for X: 1.000000
2018-05-08 02:00:52,037 INFO NN perceived value for X: -0.010000
2018-05-08 02:00:52,037 INFO ====================
2018-05-08 02:00:52,038 INFO ['-', '-', '-', '-', '-', '-', '-']
2018-05-08 02:00:52,038 INFO ['-', '-', '-', '-', '-', '-', '-']
2018-05-08 02:00:52,038 INFO ['-', '-', '-', 'X', '-', '-', '-']
2018-05-08 02:00:52,038 INFO ['-', '-', '-', 'X', '-', '-', '-']
2018-05-08 02:00:52,038 INFO ['-', '-', '-', 'X', '-', '-', '-']
2018-05-08 02:00:52,038 INFO ['-', 'O', '-', 'X', 'O', 'O', '-']
2018-05-08 02:00:52,038 INFO --------------
2018-05-08 02:00:52,038 INFO best_player WINS!
2018-05-08 02:00:52,038 INFO ====================
2018-05-08 02:00:52,038 INFO EPISODE 2 OF 30
2018-05-08 02:00:52,038 INFO ====================
2018-05-08 02:00:52,039 INFO best_player plays as X
2018-05-08 02:00:52,039 INFO --------------
2018-05-08 02:00:52,039 INFO ['-', '-', '-', '-', '-', '-', '-']
2018-05-08 02:00:52,039 INFO ['-', '-', '-', '-', '-', '-', '-']
2018-05-08 02:00:52,039 INFO ['-', '-', '-', '-', '-', '-', '-']
2018-05-08 02:00:52,039 INFO ['-', '-', '-', '-', '-', '-', '-']
2018-05-08 02:00:52,040 INFO ['-', '-', '-', '-', '-', '-', '-']
2018-05-08 02:00:52,040 INFO ['-', '-', '-', '-', '-', '-', '-']
2018-05-08 02:00:52,040 INFO --------------
2018-05-08 02:00:53,134 INFO action: 35
2018-05-08 02:00:53,135 INFO ['----', '----', '----', '----', '----', '----', '----']
2018-05-08 02:00:53,135 INFO ['----', '----', '----', '----', '----', '----', '----']
2018-05-08 02:00:53,135 INFO ['----', '----', '----', '----', '----', '----', '----']
2018-05-08 02:00:53,135 INFO ['----', '----', '----', '----', '----', '----', '----']
2018-05-08 02:00:53,135 INFO ['----', '----', '----', '----', '----', '----', '----']
2018-05-08 02:00:53,135 INFO ['0.16', '0.14', '0.14', '0.12', '0.14', '0.16', '0.12']
2018-05-08 02:00:53,135 INFO MCTS perceived value for X: 0.000000
2018-05-08 02:00:53,135 INFO NN perceived value for X: -0.010000
2018-05-08 02:00:53,135 INFO ====================
2018-05-08 02:00:53,135 INFO ['-', '-', '-', '-', '-', '-', '-']
2018-05-08 02:00:53,135 INFO ['-', '-', '-', '-', '-', '-', '-']
2018-05-08 02:00:53,136 INFO ['-', '-', '-', '-', '-', '-', '-']
2018-05-08 02:00:53,136 INFO ['-', '-', '-', '-', '-', '-', '-']
2018-05-08 02:00:53,136 INFO ['-', '-', '-', '-', '-', '-', '-']
2018-05-08 02:00:53,136 INFO ['X', '-', '-', '-', '-', '-', '-']
2018-05-08 02:00:53,136 INFO --------------
2018-05-08 02:00:54,046 INFO action: 37
2018-05-08 02:00:54,047 INFO ['----', '----', '----', '----', '----', '----', '----']
2018-05-08 02:00:54,047 INFO ['----', '----', '----', '----', '----', '----', '----']
2018-05-08 02:00:54,047 INFO ['----', '----', '----', '----', '----', '----', '----']
2018-05-08 02:00:54,047 INFO ['----', '----', '----', '----', '----', '----', '----']
2018-05-08 02:00:54,047 INFO ['0.12', '----', '----', '----', '----', '----', '----']
2018-05-08 02:00:54,048 INFO ['----', '0.12', '0.16', '0.14', '0.18', '0.12', '0.16']
2018-05-08 02:00:54,048 INFO MCTS perceived value for O: 0.050000
2018-05-08 02:00:54,048 INFO NN perceived value for O: 0.010000
2018-05-08 02:00:54,048 INFO ====================
2018-05-08 02:00:54,048 INFO ['-', '-', '-', '-', '-', '-', '-']
2018-05-08 02:00:54,048 INFO ['-', '-', '-', '-', '-', '-', '-']
2018-05-08 02:00:54,048 INFO ['-', '-', '-', '-', '-', '-', '-']
2018-05-08 02:00:54,048 INFO ['-', '-', '-', '-', '-', '-', '-']
2018-05-08 02:00:54,048 INFO ['-', '-', '-', '-', '-', '-', '-']
2018-05-08 02:00:54,049 INFO ['X', '-', 'O', '-', '-', '-', '-']
2018-05-08 02:00:54,049 INFO --------------
2018-05-08 08:52:10,707 INFO =*=*=*=*=*=*=*=*=*=*=*=*=*=*=*=*=*=*=*=*=*
2018-05-08 08:52:10,708 INFO =*=*=*=*=*=.      NEW LOG      =*=*=*=*=*
2018-05-08 08:52:10,708 INFO =*=*=*=*=*=*=*=*=*=*=*=*=*=*=*=*=*=*=*=*=*
2018-05-08 08:52:24,727 INFO BEST PLAYER VERSION: 0
2018-05-08 08:52:24,728 INFO ====================
2018-05-08 08:52:24,728 INFO EPISODE 1 OF 30
2018-05-08 08:52:24,728 INFO ====================
2018-05-08 08:52:24,729 INFO best_player plays as X
2018-05-08 08:52:24,729 INFO --------------
2018-05-08 08:52:24,729 INFO ['-', '-', '-', '-', '-', '-', '-']
2018-05-08 08:52:24,730 INFO ['-', '-', '-', '-', '-', '-', '-']
2018-05-08 08:52:24,730 INFO ['-', '-', '-', '-', '-', '-', '-']
2018-05-08 08:52:24,730 INFO ['-', '-', '-', '-', '-', '-', '-']
2018-05-08 08:52:24,730 INFO ['-', '-', '-', '-', '-', '-', '-']
2018-05-08 08:52:24,730 INFO ['-', '-', '-', '-', '-', '-', '-']
2018-05-08 08:52:24,730 INFO --------------
2018-05-08 08:52:26,126 INFO action: 35
2018-05-08 08:52:26,126 INFO ['----', '----', '----', '----', '----', '----', '----']
2018-05-08 08:52:26,126 INFO ['----', '----', '----', '----', '----', '----', '----']
2018-05-08 08:52:26,126 INFO ['----', '----', '----', '----', '----', '----', '----']
2018-05-08 08:52:26,126 INFO ['----', '----', '----', '----', '----', '----', '----']
2018-05-08 08:52:26,126 INFO ['----', '----', '----', '----', '----', '----', '----']
2018-05-08 08:52:26,126 INFO ['0.16', '0.12', '0.10', '0.16', '0.14', '0.14', '0.16']
2018-05-08 08:52:26,126 INFO MCTS perceived value for X: -0.000000
2018-05-08 08:52:26,126 INFO NN perceived value for X: 0.020000
2018-05-08 08:52:26,126 INFO ====================
2018-05-08 08:52:26,127 INFO ['-', '-', '-', '-', '-', '-', '-']
2018-05-08 08:52:26,127 INFO ['-', '-', '-', '-', '-', '-', '-']
2018-05-08 08:52:26,127 INFO ['-', '-', '-', '-', '-', '-', '-']
2018-05-08 08:52:26,127 INFO ['-', '-', '-', '-', '-', '-', '-']
2018-05-08 08:52:26,127 INFO ['-', '-', '-', '-', '-', '-', '-']
2018-05-08 08:52:26,127 INFO ['X', '-', '-', '-', '-', '-', '-']
2018-05-08 08:52:26,127 INFO --------------
